<?xml version="1.0" encoding="UTF-8"?>
<!-- Generated by org.testng.reporters.JUnitXMLReporter -->
<testsuite hostname="LAPTOP-O81FVFFS" name="Default test" tests="6" failures="0" timestamp="18 Feb 2019 07:28:55 GMT" time="397.827" errors="0">
  <testcase name="AdminCreateNotice" time="51.855" classname="com.adda.main.MainClass"/>
  <testcase name="UserVerifyNotice" time="17.996" classname="com.adda.main.MainClass"/>
  <testcase name="verifyMyUnit" time="145.356" classname="com.adda.main.MainClass"/>
  <testcase name="validateDirectMessage" time="50.328" classname="com.adda.main.MainClass"/>
  <testcase name="ValidateHelpdesk" time="72.84" classname="com.adda.main.MainClass"/>
  <testcase name="createConversations" time="59.403" classname="com.adda.main.MainClass"/>
</testsuite> <!-- Default test -->
