<?xml version="1.0" encoding="UTF-8"?>
<!-- Generated by org.testng.reporters.JUnitXMLReporter -->
<testsuite hostname="LAPTOP-O81FVFFS" name="Test" tests="6" failures="1" timestamp="12 Feb 2019 09:19:23 GMT" time="366.251" errors="0">
  <testcase name="AdminCreateNotice" time="50.654" classname="com.adda.main.MainClass"/>
  <testcase name="UserVerifyNotice" time="18.114" classname="com.adda.main.MainClass"/>
  <testcase name="verifyMyUnit" time="108.808" classname="com.adda.main.MainClass">
    <failure type="java.lang.AssertionError" message="Convinince charge of Debit Card when Amount payble is less than 2000 Checked expected [0.2] but found [110.0]">
      <![CDATA[java.lang.AssertionError: Convinince charge of Debit Card when Amount payble is less than 2000 Checked expected [0.2] but found [110.0]
	at com.adda.home.MyUnit.makePayment(MyUnit.java:283)
	at com.adda.main.MainClass.verifyMyUnit(MainClass.java:128)
... Removed 31 stack frames]]>
    </failure>
  </testcase> <!-- verifyMyUnit -->
  <testcase name="validateDirectMessage" time="53.411" classname="com.adda.main.MainClass"/>
  <testcase name="ValidateHelpdesk" time="74.692" classname="com.adda.main.MainClass"/>
  <testcase name="createConversations" time="60.54" classname="com.adda.main.MainClass"/>
</testsuite> <!-- Test -->
