<?xml version="1.0" encoding="UTF-8"?>
<testsuite name="TestSuite" time="366.225" tests="6" errors="0" skipped="0" failures="1">
  <properties>
[...]
</properties>
  <testcase name="AdminCreateNotice" classname="com.adda.main.MainClass" time="50.656"/>
  <testcase name="UserVerifyNotice" classname="com.adda.main.MainClass" time="18.11"/>
  <testcase name="verifyMyUnit" classname="com.adda.main.MainClass" time="108.82">
    <failure message="Convinince charge of Debit Card when Amount payble is less than 2000 Checked expected [0.2] but found [110.0]" type="java.lang.AssertionError">java.lang.AssertionError: Convinince charge of Debit Card when Amount payble is less than 2000 Checked expected [0.2] but found [110.0]
	at org.testng.Assert.fail(Assert.java:94)
	at org.testng.Assert.failNotEquals(Assert.java:513)
	at org.testng.Assert.assertEqualsImpl(Assert.java:135)
	at org.testng.Assert.assertEquals(Assert.java:116)
	at com.adda.home.MyUnit.makePayment(MyUnit.java:283)
	at com.adda.main.MainClass.verifyMyUnit(MainClass.java:128)
</failure>
    <system-out><![CDATA[×
Success !    Vehicle Added Successfully
Rs. 0.00
There are no bills to pay!!
267
7
Goint to print Payment Options name
UPI
NetBanking
All Except SBI
NetBanking
SBI
Debit Card
Credit Card
AMEX
International
Cards
null
null
null
UPI
UPI charges for less than 2000 is 0.0
https://secure.payu.in/_payment_options?mihpayid=875cb9e4cf2a17c3a569b73286a5bad7&pg=UPI&code= is a valid link
NetBanking
All Except SBI
NetBanking
SBI
Debit Card
Debit card charges When total amount is less than 2000 Rupees is 0.18
]]></system-out>
  </testcase>
  <testcase name="validateDirectMessage" classname="com.adda.main.MainClass" time="53.406"/>
  <testcase name="ValidateHelpdesk" classname="com.adda.main.MainClass" time="74.693"/>
  <testcase name="createConversations" classname="com.adda.main.MainClass" time="60.54"/>
</testsuite>