<?xml version="1.0" encoding="UTF-8"?>
<testng-results skipped="0" failed="0" total="6" passed="6">
  <reporter-output>
  </reporter-output>
  <suite name="Default suite" duration-ms="397827" started-at="2019-02-18T07:22:16Z" finished-at="2019-02-18T07:28:54Z">
    <groups>
    </groups>
    <test name="Default test" duration-ms="397827" started-at="2019-02-18T07:22:16Z" finished-at="2019-02-18T07:28:54Z">
      <class name="com.adda.main.MainClass">
        <test-method status="PASS" signature="beforeMethod()[pri:0, instance:com.adda.main.MainClass@1593948d]" name="beforeMethod" is-config="true" duration-ms="10064" started-at="2019-02-18T12:52:06Z" finished-at="2019-02-18T12:52:16Z">
          <reporter-output>
          </reporter-output>
        </test-method> <!-- beforeMethod -->
        <test-method status="PASS" signature="AdminCreateNotice()[pri:1, instance:com.adda.main.MainClass@1593948d]" name="AdminCreateNotice" duration-ms="51855" started-at="2019-02-18T12:52:16Z" finished-at="2019-02-18T12:53:08Z">
          <reporter-output>
          </reporter-output>
        </test-method> <!-- AdminCreateNotice -->
        <test-method status="PASS" signature="UserVerifyNotice()[pri:2, instance:com.adda.main.MainClass@1593948d]" name="UserVerifyNotice" duration-ms="17996" started-at="2019-02-18T12:53:08Z" finished-at="2019-02-18T12:53:26Z">
          <reporter-output>
          </reporter-output>
        </test-method> <!-- UserVerifyNotice -->
        <test-method status="PASS" signature="verifyMyUnit()[pri:3, instance:com.adda.main.MainClass@1593948d]" name="verifyMyUnit" duration-ms="145356" started-at="2019-02-18T12:53:26Z" finished-at="2019-02-18T12:55:51Z">
          <reporter-output>
          </reporter-output>
        </test-method> <!-- verifyMyUnit -->
        <test-method status="PASS" signature="validateDirectMessage()[pri:4, instance:com.adda.main.MainClass@1593948d]" name="validateDirectMessage" duration-ms="50328" started-at="2019-02-18T12:55:51Z" finished-at="2019-02-18T12:56:41Z">
          <reporter-output>
          </reporter-output>
        </test-method> <!-- validateDirectMessage -->
        <test-method status="PASS" signature="ValidateHelpdesk()[pri:5, instance:com.adda.main.MainClass@1593948d]" name="ValidateHelpdesk" duration-ms="72840" started-at="2019-02-18T12:56:41Z" finished-at="2019-02-18T12:57:54Z">
          <reporter-output>
          </reporter-output>
        </test-method> <!-- ValidateHelpdesk -->
        <test-method status="PASS" signature="createConversations()[pri:6, instance:com.adda.main.MainClass@1593948d]" name="createConversations" duration-ms="59403" started-at="2019-02-18T12:57:54Z" finished-at="2019-02-18T12:58:54Z">
          <reporter-output>
          </reporter-output>
        </test-method> <!-- createConversations -->
        <test-method status="PASS" signature="afterMethod()[pri:0, instance:com.adda.main.MainClass@1593948d]" name="afterMethod" is-config="true" duration-ms="1251" started-at="2019-02-18T12:58:55Z" finished-at="2019-02-18T12:58:56Z">
          <reporter-output>
          </reporter-output>
        </test-method> <!-- afterMethod -->
      </class> <!-- com.adda.main.MainClass -->
    </test> <!-- Default test -->
  </suite> <!-- Default suite -->
</testng-results>
